This file contains any messages produced by compilers while
running configure, to aid debugging if configure makes a mistake.

It was created by RtAudio configure 5.0.0, which was
generated by GNU Autoconf 2.69.  Invocation command line was

  $ ./configure 

## --------- ##
## Platform. ##
## --------- ##

hostname = DESKTOP-5GUUUAG
uname -m = x86_64
uname -r = 3.4.0+
uname -s = Linux
uname -v = #1 PREEMPT Thu Aug 1 17:06:05 CST 2013

/usr/bin/uname -p = unknown
/bin/uname -X     = unknown

/bin/arch              = unknown
/usr/bin/arch -k       = unknown
/usr/convex/getsysinfo = unknown
/usr/bin/hostinfo      = unknown
/bin/machine           = unknown
/usr/bin/oslevel       = unknown
/bin/universe          = unknown

PATH: /usr/local/bin
PATH: /usr/bin
PATH: /bin
PATH: /usr/local/games
PATH: /usr/games


## ----------- ##
## Core tests. ##
## ----------- ##

configure:2441: checking for a BSD-compatible install
configure:2509: result: /usr/bin/install -c
configure:2520: checking whether build environment is sane
configure:2575: result: yes
configure:2726: checking for a thread-safe mkdir -p
configure:2765: result: /bin/mkdir -p
configure:2772: checking for gawk
configure:2788: found /usr/bin/gawk
configure:2799: result: gawk
configure:2810: checking whether make sets $(MAKE)
configure:2832: result: yes
configure:2861: checking whether make supports nested variables
configure:2878: result: yes
configure:3029: checking that version numbers are coherent
configure:3043: checking for style of include used by make
configure:3071: result: GNU
configure:3142: checking for gcc
configure:3158: found /usr/bin/gcc
configure:3169: result: gcc
configure:3398: checking for C compiler version
configure:3407: gcc --version >&5
gcc (Ubuntu 4.8.4-2ubuntu1~14.04.3) 4.8.4
Copyright (C) 2013 Free Software Foundation, Inc.
This is free software; see the source for copying conditions.  There is NO
warranty; not even for MERCHANTABILITY or FITNESS FOR A PARTICULAR PURPOSE.

configure:3418: $? = 0
configure:3407: gcc -v >&5
Using built-in specs.
COLLECT_GCC=gcc
COLLECT_LTO_WRAPPER=/usr/lib/gcc/x86_64-linux-gnu/4.8/lto-wrapper
Target: x86_64-linux-gnu
Configured with: ../src/configure -v --with-pkgversion='Ubuntu 4.8.4-2ubuntu1~14.04.3' --with-bugurl=file:///usr/share/doc/gcc-4.8/README.Bugs --enable-languages=c,c++,java,go,d,fortran,objc,obj-c++ --prefix=/usr --program-suffix=-4.8 --enable-shared --enable-linker-build-id --libexecdir=/usr/lib --without-included-gettext --enable-threads=posix --with-gxx-include-dir=/usr/include/c++/4.8 --libdir=/usr/lib --enable-nls --with-sysroot=/ --enable-clocale=gnu --enable-libstdcxx-debug --enable-libstdcxx-time=yes --enable-gnu-unique-object --disable-libmudflap --enable-plugin --with-system-zlib --disable-browser-plugin --enable-java-awt=gtk --enable-gtk-cairo --with-java-home=/usr/lib/jvm/java-1.5.0-gcj-4.8-amd64/jre --enable-java-home --with-jvm-root-dir=/usr/lib/jvm/java-1.5.0-gcj-4.8-amd64 --with-jvm-jar-dir=/usr/lib/jvm-exports/java-1.5.0-gcj-4.8-amd64 --with-arch-directory=amd64 --with-ecj-jar=/usr/share/java/eclipse-ecj.jar --enable-objc-gc --enable-multiarch --disable-werror --with-arch-32=i686 --with-abi=m64 --with-multilib-list=m32,m64,mx32 --with-tune=generic --enable-checking=release --build=x86_64-linux-gnu --host=x86_64-linux-gnu --target=x86_64-linux-gnu
Thread model: posix
gcc version 4.8.4 (Ubuntu 4.8.4-2ubuntu1~14.04.3) 
configure:3418: $? = 0
configure:3407: gcc -V >&5
gcc: error: unrecognized command line option '-V'
gcc: fatal error: no input files
compilation terminated.
configure:3418: $? = 4
configure:3407: gcc -qversion >&5
gcc: error: unrecognized command line option '-qversion'
gcc: fatal error: no input files
compilation terminated.
configure:3418: $? = 4
configure:3438: checking whether the C compiler works
configure:3460: gcc    conftest.c  >&5
configure:3464: $? = 0
configure:3512: result: yes
configure:3515: checking for C compiler default output file name
configure:3517: result: a.out
configure:3523: checking for suffix of executables
configure:3530: gcc -o conftest    conftest.c  >&5
configure:3534: $? = 0
configure:3556: result: 
configure:3578: checking whether we are cross compiling
configure:3586: gcc -o conftest    conftest.c  >&5
configure:3590: $? = 0
configure:3597: ./conftest
configure:3601: $? = 0
configure:3616: result: no
configure:3621: checking for suffix of object files
configure:3643: gcc -c   conftest.c >&5
configure:3647: $? = 0
configure:3668: result: o
configure:3672: checking whether we are using the GNU C compiler
configure:3691: gcc -c   conftest.c >&5
configure:3691: $? = 0
configure:3700: result: yes
configure:3709: checking whether gcc accepts -g
configure:3729: gcc -c -g  conftest.c >&5
configure:3729: $? = 0
configure:3770: result: yes
configure:3787: checking for gcc option to accept ISO C89
configure:3850: gcc  -c -g -O2  conftest.c >&5
configure:3850: $? = 0
configure:3863: result: none needed
configure:3888: checking whether gcc understands -c and -o together
configure:3910: gcc -c conftest.c -o conftest2.o
configure:3913: $? = 0
configure:3910: gcc -c conftest.c -o conftest2.o
configure:3913: $? = 0
configure:3925: result: yes
configure:3944: checking dependency style of gcc
configure:4055: result: gcc3
configure:4089: gcc -o conftest -g -O2   conftest.c  >&5
configure:4089: $? = 0
configure:4089: ./conftest
configure:4089: $? = 0
configure:4090: result: yes
configure:4105: checking whether to enable maintainer-specific portions of Makefiles
configure:4114: result: no
configure:4138: checking whether make supports nested variables
configure:4155: result: yes
configure:4227: checking for pkg-config
configure:4260: result: no
configure:4297: checking whether to compile debug version
configure:4367: checking for g++
configure:4397: result: no
configure:4367: checking for CC
configure:4397: result: no
configure:4367: checking for c++
configure:4397: result: no
configure:4367: checking for cxx
configure:4397: result: no
configure:4421: checking for C++ compiler version
configure:4430: g++ --version >&5
./configure: line 4432: g++: command not found
configure:4441: $? = 127
configure:4430: g++ -v >&5
./configure: line 4432: g++: command not found
configure:4441: $? = 127
configure:4430: g++ -V >&5
./configure: line 4432: g++: command not found
configure:4441: $? = 127
configure:4430: g++ -qversion >&5
./configure: line 4432: g++: command not found
configure:4441: $? = 127
configure:4445: checking whether we are using the GNU C++ compiler
configure:4464: g++ -c -O3  conftest.cpp >&5
./configure: line 1663: g++: command not found
configure:4464: $? = 127
configure: failed program was:
| /* confdefs.h */
| #define PACKAGE_NAME "RtAudio"
| #define PACKAGE_TARNAME "rtaudio"
| #define PACKAGE_VERSION "5.0.0"
| #define PACKAGE_STRING "RtAudio 5.0.0"
| #define PACKAGE_BUGREPORT "gary@music.mcgill.ca"
| #define PACKAGE_URL ""
| #define PACKAGE "rtaudio"
| #define VERSION "5.0.0"
| /* end confdefs.h.  */
| 
| int
| main ()
| {
| #ifndef __GNUC__
|        choke me
| #endif
| 
|   ;
|   return 0;
| }
configure:4473: result: no
configure:4482: checking whether g++ accepts -g
configure:4502: g++ -c -g  conftest.cpp >&5
./configure: line 1663: g++: command not found
configure:4502: $? = 127
configure: failed program was:
| /* confdefs.h */
| #define PACKAGE_NAME "RtAudio"
| #define PACKAGE_TARNAME "rtaudio"
| #define PACKAGE_VERSION "5.0.0"
| #define PACKAGE_STRING "RtAudio 5.0.0"
| #define PACKAGE_BUGREPORT "gary@music.mcgill.ca"
| #define PACKAGE_URL ""
| #define PACKAGE "rtaudio"
| #define VERSION "5.0.0"
| /* end confdefs.h.  */
| 
| int
| main ()
| {
| 
|   ;
|   return 0;
| }
configure:4517: g++ -c   conftest.cpp >&5
./configure: line 1663: g++: command not found
configure:4517: $? = 127
configure: failed program was:
| /* confdefs.h */
| #define PACKAGE_NAME "RtAudio"
| #define PACKAGE_TARNAME "rtaudio"
| #define PACKAGE_VERSION "5.0.0"
| #define PACKAGE_STRING "RtAudio 5.0.0"
| #define PACKAGE_BUGREPORT "gary@music.mcgill.ca"
| #define PACKAGE_URL ""
| #define PACKAGE "rtaudio"
| #define VERSION "5.0.0"
| /* end confdefs.h.  */
| 
| int
| main ()
| {
| 
|   ;
|   return 0;
| }
configure:4533: g++ -c -g  conftest.cpp >&5
./configure: line 1663: g++: command not found
configure:4533: $? = 127
configure: failed program was:
| /* confdefs.h */
| #define PACKAGE_NAME "RtAudio"
| #define PACKAGE_TARNAME "rtaudio"
| #define PACKAGE_VERSION "5.0.0"
| #define PACKAGE_STRING "RtAudio 5.0.0"
| #define PACKAGE_BUGREPORT "gary@music.mcgill.ca"
| #define PACKAGE_URL ""
| #define PACKAGE "rtaudio"
| #define VERSION "5.0.0"
| /* end confdefs.h.  */
| 
| int
| main ()
| {
| 
|   ;
|   return 0;
| }
configure:4543: result: no
configure:4568: checking dependency style of g++
configure:4679: result: none
configure:4743: checking for ar
configure:4759: found /usr/bin/ar
configure:4770: result: ar
configure:4796: checking the archiver (ar) interface
configure:4812: gcc -c -g -O2  conftest.c >&5
configure:4812: $? = 0
configure:4814: ar cru libconftest.a conftest.o >&5
configure:4817: $? = 0
configure:4845: result: ar
configure:4867: checking for ar
configure:4885: found /usr/bin/ar
configure:4898: result: /usr/bin/ar
configure:4940: checking build system type
configure:4954: result: x86_64-unknown-linux-gnu
configure:4974: checking host system type
configure:4987: result: x86_64-unknown-linux-gnu
configure:5028: checking how to print strings
configure:5055: result: printf
configure:5076: checking for a sed that does not truncate output
configure:5140: result: /bin/sed
configure:5158: checking for grep that handles long lines and -e
configure:5216: result: /bin/grep
configure:5221: checking for egrep
configure:5283: result: /bin/grep -E
configure:5288: checking for fgrep
configure:5350: result: /bin/grep -F
configure:5385: checking for ld used by gcc
configure:5452: result: /usr/bin/ld
configure:5459: checking if the linker (/usr/bin/ld) is GNU ld
configure:5474: result: yes
configure:5486: checking for BSD- or MS-compatible name lister (nm)
configure:5540: result: /usr/bin/nm -B
configure:5670: checking the name lister (/usr/bin/nm -B) interface
configure:5677: gcc -c -g -O2  conftest.c >&5
configure:5680: /usr/bin/nm -B "conftest.o"
configure:5683: output
0000000000000000 B some_variable
configure:5690: result: BSD nm
configure:5693: checking whether ln -s works
configure:5697: result: yes
configure:5705: checking the maximum length of command line arguments
configure:5836: result: 1572864
configure:5884: checking how to convert x86_64-unknown-linux-gnu file names to x86_64-unknown-linux-gnu format
configure:5924: result: func_convert_file_noop
configure:5931: checking how to convert x86_64-unknown-linux-gnu file names to toolchain format
configure:5951: result: func_convert_file_noop
configure:5958: checking for /usr/bin/ld option to reload object files
configure:5965: result: -r
configure:6039: checking for objdump
configure:6055: found /usr/bin/objdump
configure:6066: result: objdump
configure:6095: checking how to recognize dependent libraries
configure:6295: result: pass_all
configure:6380: checking for dlltool
configure:6410: result: no
configure:6437: checking how to associate runtime and link libraries
configure:6464: result: printf %s\n
configure:6588: checking for archiver @FILE support
configure:6605: gcc -c -g -O2  conftest.c >&5
configure:6605: $? = 0
configure:6608: /usr/bin/ar cru libconftest.a @conftest.lst >&5
configure:6611: $? = 0
configure:6616: /usr/bin/ar cru libconftest.a @conftest.lst >&5
/usr/bin/ar: conftest.o: No such file or directory
configure:6619: $? = 1
configure:6631: result: @
configure:6689: checking for strip
configure:6705: found /usr/bin/strip
configure:6716: result: strip
configure:6788: checking for ranlib
configure:6804: found /usr/bin/ranlib
configure:6815: result: ranlib
configure:6917: checking command to parse /usr/bin/nm -B output from gcc object
configure:7070: gcc -c -g -O2  conftest.c >&5
configure:7073: $? = 0
configure:7077: /usr/bin/nm -B conftest.o \| sed -n -e 's/^.*[ ]\([ABCDGIRSTW][ABCDGIRSTW]*\)[ ][ ]*\([_A-Za-z][_A-Za-z0-9]*\)$/\1 \2 \2/p' | sed '/ __gnu_lto/d' \> conftest.nm
configure:7080: $? = 0
configure:7146: gcc -o conftest -g -O2   conftest.c conftstm.o >&5
configure:7149: $? = 0
configure:7187: result: ok
configure:7234: checking for sysroot
configure:7264: result: no
configure:7271: checking for a working dd
configure:7309: result: /bin/dd
configure:7313: checking how to truncate binary pipes
configure:7328: result: /bin/dd bs=4096 count=1
configure:7464: gcc -c -g -O2  conftest.c >&5
configure:7467: $? = 0
configure:7657: checking for mt
configure:7673: found /bin/mt
configure:7684: result: mt
configure:7707: checking if mt is a manifest tool
configure:7713: mt '-?'
configure:7721: result: no
configure:8398: checking how to run the C preprocessor
configure:8429: gcc -E  conftest.c
configure:8429: $? = 0
configure:8443: gcc -E  conftest.c
conftest.c:11:28: fatal error: ac_nonexistent.h: No such file or directory
 #include <ac_nonexistent.h>
                            ^
compilation terminated.
configure:8443: $? = 1
configure: failed program was:
| /* confdefs.h */
| #define PACKAGE_NAME "RtAudio"
| #define PACKAGE_TARNAME "rtaudio"
| #define PACKAGE_VERSION "5.0.0"
| #define PACKAGE_STRING "RtAudio 5.0.0"
| #define PACKAGE_BUGREPORT "gary@music.mcgill.ca"
| #define PACKAGE_URL ""
| #define PACKAGE "rtaudio"
| #define VERSION "5.0.0"
| /* end confdefs.h.  */
| #include <ac_nonexistent.h>
configure:8468: result: gcc -E
configure:8488: gcc -E  conftest.c
configure:8488: $? = 0
configure:8502: gcc -E  conftest.c
conftest.c:11:28: fatal error: ac_nonexistent.h: No such file or directory
 #include <ac_nonexistent.h>
                            ^
compilation terminated.
configure:8502: $? = 1
configure: failed program was:
| /* confdefs.h */
| #define PACKAGE_NAME "RtAudio"
| #define PACKAGE_TARNAME "rtaudio"
| #define PACKAGE_VERSION "5.0.0"
| #define PACKAGE_STRING "RtAudio 5.0.0"
| #define PACKAGE_BUGREPORT "gary@music.mcgill.ca"
| #define PACKAGE_URL ""
| #define PACKAGE "rtaudio"
| #define VERSION "5.0.0"
| /* end confdefs.h.  */
| #include <ac_nonexistent.h>
configure:8531: checking for ANSI C header files
configure:8551: gcc -c -g -O2  conftest.c >&5
configure:8551: $? = 0
configure:8624: gcc -o conftest -g -O2   conftest.c  >&5
configure:8624: $? = 0
configure:8624: ./conftest
configure:8624: $? = 0
configure:8635: result: yes
configure:8648: checking for sys/types.h
configure:8648: gcc -c -g -O2  conftest.c >&5
configure:8648: $? = 0
configure:8648: result: yes
configure:8648: checking for sys/stat.h
configure:8648: gcc -c -g -O2  conftest.c >&5
configure:8648: $? = 0
configure:8648: result: yes
configure:8648: checking for stdlib.h
configure:8648: gcc -c -g -O2  conftest.c >&5
configure:8648: $? = 0
configure:8648: result: yes
configure:8648: checking for string.h
configure:8648: gcc -c -g -O2  conftest.c >&5
configure:8648: $? = 0
configure:8648: result: yes
configure:8648: checking for memory.h
configure:8648: gcc -c -g -O2  conftest.c >&5
configure:8648: $? = 0
configure:8648: result: yes
configure:8648: checking for strings.h
configure:8648: gcc -c -g -O2  conftest.c >&5
configure:8648: $? = 0
configure:8648: result: yes
configure:8648: checking for inttypes.h
configure:8648: gcc -c -g -O2  conftest.c >&5
configure:8648: $? = 0
configure:8648: result: yes
configure:8648: checking for stdint.h
configure:8648: gcc -c -g -O2  conftest.c >&5
configure:8648: $? = 0
configure:8648: result: yes
configure:8648: checking for unistd.h
configure:8648: gcc -c -g -O2  conftest.c >&5
configure:8648: $? = 0
configure:8648: result: yes
configure:8662: checking for dlfcn.h
configure:8662: gcc -c -g -O2  conftest.c >&5
configure:8662: $? = 0
configure:8662: result: yes
configure:9227: checking for objdir
configure:9242: result: .libs
configure:9506: checking if gcc supports -fno-rtti -fno-exceptions
configure:9524: gcc -c -g -O2  -fno-rtti -fno-exceptions conftest.c >&5
cc1: warning: command line option '-fno-rtti' is valid for C++/ObjC++ but not for C [enabled by default]
configure:9528: $? = 0
configure:9541: result: no
configure:9899: checking for gcc option to produce PIC
configure:9906: result: -fPIC -DPIC
configure:9914: checking if gcc PIC flag -fPIC -DPIC works
configure:9932: gcc -c -g -O2  -fPIC -DPIC -DPIC conftest.c >&5
configure:9936: $? = 0
configure:9949: result: yes
configure:9978: checking if gcc static flag -static works
configure:10006: result: yes
configure:10021: checking if gcc supports -c -o file.o
configure:10042: gcc -c -g -O2  -o out/conftest2.o conftest.c >&5
configure:10046: $? = 0
configure:10068: result: yes
configure:10076: checking if gcc supports -c -o file.o
configure:10123: result: yes
configure:10156: checking whether the gcc linker (/usr/bin/ld -m elf_x86_64) supports shared libraries
configure:11415: result: yes
configure:11452: checking whether -lc should be explicitly linked in
configure:11460: gcc -c -g -O2  conftest.c >&5
configure:11463: $? = 0
configure:11478: gcc -shared  -fPIC -DPIC conftest.o  -v -Wl,-soname -Wl,conftest -o conftest 2\>\&1 \| /bin/grep  -lc  \>/dev/null 2\>\&1
configure:11481: $? = 0
configure:11495: result: no
configure:11655: checking dynamic linker characteristics
configure:12236: gcc -o conftest -g -O2   -Wl,-rpath -Wl,/foo conftest.c  >&5
configure:12236: $? = 0
configure:12473: result: GNU/Linux ld.so
configure:12595: checking how to hardcode library paths into programs
configure:12620: result: immediate
configure:13168: checking whether stripping libraries is possible
configure:13173: result: yes
configure:13208: checking if libtool supports shared libraries
configure:13210: result: yes
configure:13213: checking whether to build shared libraries
configure:13238: result: yes
configure:13241: checking whether to build static libraries
configure:13245: result: yes
configure:16589: checking for ANSI C header files
configure:16693: result: yes
configure:16704: checking sys/ioctl.h usability
configure:16704: gcc -c -g -O2  conftest.c >&5
configure:16704: $? = 0
configure:16704: result: yes
configure:16704: checking sys/ioctl.h presence
configure:16704: gcc -E  conftest.c
configure:16704: $? = 0
configure:16704: result: yes
configure:16704: checking for sys/ioctl.h
configure:16704: result: yes
configure:16704: checking for unistd.h
configure:16704: result: yes
configure:16725: checking for gettimeofday
configure:16725: gcc -o conftest -g -O2   conftest.c  >&5
configure:16725: $? = 0
configure:16725: result: yes
configure:16734: checking for doxygen
configure:16764: result: no
configure:16821: checking for audio API
configure:17140: result: using ALSA
configure:17145: checking for snd_pcm_open in -lasound
configure:17170: gcc -o conftest -g -O2   conftest.c -lasound   >&5
/usr/bin/ld: cannot find -lasound
collect2: error: ld returned 1 exit status
configure:17170: $? = 1
configure: failed program was:
| /* confdefs.h */
| #define PACKAGE_NAME "RtAudio"
| #define PACKAGE_TARNAME "rtaudio"
| #define PACKAGE_VERSION "5.0.0"
| #define PACKAGE_STRING "RtAudio 5.0.0"
| #define PACKAGE_BUGREPORT "gary@music.mcgill.ca"
| #define PACKAGE_URL ""
| #define PACKAGE "rtaudio"
| #define VERSION "5.0.0"
| #define STDC_HEADERS 1
| #define HAVE_SYS_TYPES_H 1
| #define HAVE_SYS_STAT_H 1
| #define HAVE_STDLIB_H 1
| #define HAVE_STRING_H 1
| #define HAVE_MEMORY_H 1
| #define HAVE_STRINGS_H 1
| #define HAVE_INTTYPES_H 1
| #define HAVE_STDINT_H 1
| #define HAVE_UNISTD_H 1
| #define HAVE_DLFCN_H 1
| #define LT_OBJDIR ".libs/"
| #define STDC_HEADERS 1
| #define HAVE_SYS_IOCTL_H 1
| #define HAVE_UNISTD_H 1
| /* end confdefs.h.  */
| 
| /* Override any GCC internal prototype to avoid an error.
|    Use char because int might match the return type of a GCC
|    builtin and then its argument prototype would still apply.  */
| #ifdef __cplusplus
| extern "C"
| #endif
| char snd_pcm_open ();
| int
| main ()
| {
| return snd_pcm_open ();
|   ;
|   return 0;
| }
configure:17179: result: no
configure:17189: error: ALSA support requires the asound library!

## ---------------- ##
## Cache variables. ##
## ---------------- ##

ac_cv_build=x86_64-unknown-linux-gnu
ac_cv_c_compiler_gnu=yes
ac_cv_cxx_compiler_gnu=no
ac_cv_env_CCC_set=
ac_cv_env_CCC_value=
ac_cv_env_CC_set=
ac_cv_env_CC_value=
ac_cv_env_CFLAGS_set=
ac_cv_env_CFLAGS_value=
ac_cv_env_CPPFLAGS_set=
ac_cv_env_CPPFLAGS_value=
ac_cv_env_CPP_set=
ac_cv_env_CPP_value=
ac_cv_env_CXXCPP_set=
ac_cv_env_CXXCPP_value=
ac_cv_env_CXXFLAGS_set=
ac_cv_env_CXXFLAGS_value=
ac_cv_env_CXX_set=
ac_cv_env_CXX_value=
ac_cv_env_LDFLAGS_set=
ac_cv_env_LDFLAGS_value=
ac_cv_env_LIBS_set=
ac_cv_env_LIBS_value=
ac_cv_env_LT_SYS_LIBRARY_PATH_set=
ac_cv_env_LT_SYS_LIBRARY_PATH_value=
ac_cv_env_PKG_CONFIG_LIBDIR_set=
ac_cv_env_PKG_CONFIG_LIBDIR_value=
ac_cv_env_PKG_CONFIG_PATH_set=
ac_cv_env_PKG_CONFIG_PATH_value=
ac_cv_env_PKG_CONFIG_set=
ac_cv_env_PKG_CONFIG_value=
ac_cv_env_build_alias_set=
ac_cv_env_build_alias_value=
ac_cv_env_host_alias_set=
ac_cv_env_host_alias_value=
ac_cv_env_target_alias_set=
ac_cv_env_target_alias_value=
ac_cv_func_gettimeofday=yes
ac_cv_header_dlfcn_h=yes
ac_cv_header_inttypes_h=yes
ac_cv_header_memory_h=yes
ac_cv_header_stdc=yes
ac_cv_header_stdint_h=yes
ac_cv_header_stdlib_h=yes
ac_cv_header_string_h=yes
ac_cv_header_strings_h=yes
ac_cv_header_sys_ioctl_h=yes
ac_cv_header_sys_stat_h=yes
ac_cv_header_sys_types_h=yes
ac_cv_header_unistd_h=yes
ac_cv_host=x86_64-unknown-linux-gnu
ac_cv_lib_asound_snd_pcm_open=no
ac_cv_objext=o
ac_cv_path_AR=/usr/bin/ar
ac_cv_path_EGREP='/bin/grep -E'
ac_cv_path_FGREP='/bin/grep -F'
ac_cv_path_GREP=/bin/grep
ac_cv_path_SED=/bin/sed
ac_cv_path_install='/usr/bin/install -c'
ac_cv_path_lt_DD=/bin/dd
ac_cv_path_mkdir=/bin/mkdir
ac_cv_prog_AWK=gawk
ac_cv_prog_CPP='gcc -E'
ac_cv_prog_ac_ct_AR=ar
ac_cv_prog_ac_ct_CC=gcc
ac_cv_prog_ac_ct_MANIFEST_TOOL=mt
ac_cv_prog_ac_ct_OBJDUMP=objdump
ac_cv_prog_ac_ct_RANLIB=ranlib
ac_cv_prog_ac_ct_STRIP=strip
ac_cv_prog_cc_c89=
ac_cv_prog_cc_g=yes
ac_cv_prog_cxx_g=no
ac_cv_prog_make_make_set=yes
am_cv_CC_dependencies_compiler_type=gcc3
am_cv_CXX_dependencies_compiler_type=none
am_cv_ar_interface=ar
am_cv_make_support_nested_variables=yes
am_cv_prog_cc_c_o=yes
lt_cv_ar_at_file=@
lt_cv_archive_cmds_need_lc=no
lt_cv_deplibs_check_method=pass_all
lt_cv_file_magic_cmd='$MAGIC_CMD'
lt_cv_file_magic_test_file=
lt_cv_ld_reload_flag=-r
lt_cv_nm_interface='BSD nm'
lt_cv_objdir=.libs
lt_cv_path_LD=/usr/bin/ld
lt_cv_path_NM='/usr/bin/nm -B'
lt_cv_path_mainfest_tool=no
lt_cv_prog_compiler_c_o=yes
lt_cv_prog_compiler_pic='-fPIC -DPIC'
lt_cv_prog_compiler_pic_works=yes
lt_cv_prog_compiler_rtti_exceptions=no
lt_cv_prog_compiler_static_works=yes
lt_cv_prog_gnu_ld=yes
lt_cv_sharedlib_from_linklib_cmd='printf %s\n'
lt_cv_shlibpath_overrides_runpath=no
lt_cv_sys_global_symbol_pipe='sed -n -e '\''s/^.*[	 ]\([ABCDGIRSTW][ABCDGIRSTW]*\)[	 ][	 ]*\([_A-Za-z][_A-Za-z0-9]*\)$/\1 \2 \2/p'\'' | sed '\''/ __gnu_lto/d'\'''
lt_cv_sys_global_symbol_to_c_name_address='sed -n -e '\''s/^: \(.*\) .*$/  {"\1", (void *) 0},/p'\'' -e '\''s/^[ABCDGIRSTW][ABCDGIRSTW]* .* \(.*\)$/  {"\1", (void *) \&\1},/p'\'''
lt_cv_sys_global_symbol_to_c_name_address_lib_prefix='sed -n -e '\''s/^: \(.*\) .*$/  {"\1", (void *) 0},/p'\'' -e '\''s/^[ABCDGIRSTW][ABCDGIRSTW]* .* \(lib.*\)$/  {"\1", (void *) \&\1},/p'\'' -e '\''s/^[ABCDGIRSTW][ABCDGIRSTW]* .* \(.*\)$/  {"lib\1", (void *) \&\1},/p'\'''
lt_cv_sys_global_symbol_to_cdecl='sed -n -e '\''s/^T .* \(.*\)$/extern int \1();/p'\'' -e '\''s/^[ABCDGIRSTW][ABCDGIRSTW]* .* \(.*\)$/extern char \1;/p'\'''
lt_cv_sys_global_symbol_to_import=
lt_cv_sys_max_cmd_len=1572864
lt_cv_to_host_file_cmd=func_convert_file_noop
lt_cv_to_tool_file_cmd=func_convert_file_noop
lt_cv_truncate_bin='/bin/dd bs=4096 count=1'

## ----------------- ##
## Output variables. ##
## ----------------- ##

ACLOCAL='${SHELL} /mnt/c/Users/MDPMaestro2/Desktop/SynthEngine2.2/rtaudio-5.0.0/config/missing aclocal-1.15'
AMDEPBACKSLASH='\'
AMDEP_FALSE='#'
AMDEP_TRUE=''
AMTAR='$${TAR-tar}'
AM_BACKSLASH='\'
AM_DEFAULT_V='$(AM_DEFAULT_VERBOSITY)'
AM_DEFAULT_VERBOSITY='0'
AM_V='$(V)'
AR='/usr/bin/ar'
AS='as'
AUTOCONF='${SHELL} /mnt/c/Users/MDPMaestro2/Desktop/SynthEngine2.2/rtaudio-5.0.0/config/missing autoconf'
AUTOHEADER='${SHELL} /mnt/c/Users/MDPMaestro2/Desktop/SynthEngine2.2/rtaudio-5.0.0/config/missing autoheader'
AUTOMAKE='${SHELL} /mnt/c/Users/MDPMaestro2/Desktop/SynthEngine2.2/rtaudio-5.0.0/config/missing automake-1.15'
AWK='gawk'
CC='gcc'
CCDEPMODE='depmode=gcc3'
CFLAGS='-g -O2'
CPP='gcc -E'
CPPFLAGS=''
CXX='g++'
CXXCPP=''
CXXDEPMODE='depmode=none'
CXXFLAGS='-O3'
CYGPATH_W='echo'
DEFS=''
DEPDIR='.deps'
DLLTOOL='false'
DOXYGEN=''
DSYMUTIL=''
DUMPBIN=''
ECHO_C=''
ECHO_N='-n'
ECHO_T=''
EGREP='/bin/grep -E'
EXEEXT=''
FGREP='/bin/grep -F'
GREP='/bin/grep'
GXX=''
INSTALL_DATA='${INSTALL} -m 644'
INSTALL_PROGRAM='${INSTALL}'
INSTALL_SCRIPT='${INSTALL}'
INSTALL_STRIP_PROGRAM='$(install_sh) -c -s'
LD='/usr/bin/ld -m elf_x86_64'
LDFLAGS=''
LIBOBJS=''
LIBS=''
LIBTOOL='$(SHELL) $(top_builddir)/libtool'
LIPO=''
LN_S='ln -s'
LTLIBOBJS=''
LT_SYS_LIBRARY_PATH=''
MAINT='#'
MAINTAINER_MODE_FALSE=''
MAINTAINER_MODE_TRUE='#'
MAKEINFO='${SHELL} /mnt/c/Users/MDPMaestro2/Desktop/SynthEngine2.2/rtaudio-5.0.0/config/missing makeinfo'
MAKE_DOC_FALSE=''
MAKE_DOC_TRUE='#'
MANIFEST_TOOL=':'
MKDIR_P='/bin/mkdir -p'
NM='/usr/bin/nm -B'
NMEDIT=''
OBJDUMP='objdump'
OBJEXT='o'
OTOOL64=''
OTOOL=''
PACKAGE='rtaudio'
PACKAGE_BUGREPORT='gary@music.mcgill.ca'
PACKAGE_NAME='RtAudio'
PACKAGE_STRING='RtAudio 5.0.0'
PACKAGE_TARNAME='rtaudio'
PACKAGE_URL=''
PACKAGE_VERSION='5.0.0'
PATH_SEPARATOR=':'
PKG_CONFIG=''
PKG_CONFIG_LIBDIR=''
PKG_CONFIG_PATH=''
RANLIB='ranlib'
SED='/bin/sed'
SET_MAKE=''
SHELL='/bin/bash'
SO_VERSION='6:0:0'
STRIP='strip'
VERSION='5.0.0'
ac_ct_AR='ar'
ac_ct_CC='gcc'
ac_ct_CXX=''
ac_ct_DUMPBIN=''
am__EXEEXT_FALSE=''
am__EXEEXT_TRUE=''
am__fastdepCC_FALSE='#'
am__fastdepCC_TRUE=''
am__fastdepCXX_FALSE=''
am__fastdepCXX_TRUE='#'
am__include='include'
am__isrc=''
am__leading_dot='.'
am__nodep='_no'
am__quote=''
am__tar='$${TAR-tar} chof - "$$tardir"'
am__untar='$${TAR-tar} xf -'
api='-D__LINUX_ALSA__'
bindir='${exec_prefix}/bin'
build='x86_64-unknown-linux-gnu'
build_alias=''
build_cpu='x86_64'
build_os='linux-gnu'
build_vendor='unknown'
datadir='${datarootdir}'
datarootdir='${prefix}/share'
docdir='${datarootdir}/doc/${PACKAGE_TARNAME}'
dvidir='${docdir}'
exec_prefix='NONE'
host='x86_64-unknown-linux-gnu'
host_alias=''
host_cpu='x86_64'
host_os='linux-gnu'
host_vendor='unknown'
htmldir='${docdir}'
includedir='${prefix}/include'
infodir='${datarootdir}/info'
install_sh='${SHELL} /mnt/c/Users/MDPMaestro2/Desktop/SynthEngine2.2/rtaudio-5.0.0/config/install-sh'
libdir='${exec_prefix}/lib'
libexecdir='${exec_prefix}/libexec'
localedir='${datarootdir}/locale'
localstatedir='${prefix}/var'
mandir='${datarootdir}/man'
mkdir_p='$(MKDIR_P)'
objects=''
oldincludedir='/usr/include'
pdfdir='${docdir}'
prefix='NONE'
program_transform_name='s,x,x,'
psdir='${docdir}'
req=' alsa'
sbindir='${exec_prefix}/sbin'
sharedstatedir='${prefix}/com'
sysconfdir='${prefix}/etc'
target_alias=''

## ----------- ##
## confdefs.h. ##
## ----------- ##

/* confdefs.h */
#define PACKAGE_NAME "RtAudio"
#define PACKAGE_TARNAME "rtaudio"
#define PACKAGE_VERSION "5.0.0"
#define PACKAGE_STRING "RtAudio 5.0.0"
#define PACKAGE_BUGREPORT "gary@music.mcgill.ca"
#define PACKAGE_URL ""
#define PACKAGE "rtaudio"
#define VERSION "5.0.0"
#define STDC_HEADERS 1
#define HAVE_SYS_TYPES_H 1
#define HAVE_SYS_STAT_H 1
#define HAVE_STDLIB_H 1
#define HAVE_STRING_H 1
#define HAVE_MEMORY_H 1
#define HAVE_STRINGS_H 1
#define HAVE_INTTYPES_H 1
#define HAVE_STDINT_H 1
#define HAVE_UNISTD_H 1
#define HAVE_DLFCN_H 1
#define LT_OBJDIR ".libs/"
#define STDC_HEADERS 1
#define HAVE_SYS_IOCTL_H 1
#define HAVE_UNISTD_H 1

configure: exit 1
