c:\users\mdpmaestro2\desktop\synthengine2.2\maestro\synthdll\synthdll\debug\vc140.pdb
c:\users\mdpmaestro2\desktop\synthengine2.2\maestro\synthdll\synthdll\debug\vc140.idb
c:\users\mdpmaestro2\desktop\synthengine2.2\maestro\synthdll\synthdll\debug\rtaudio.obj
c:\users\mdpmaestro2\desktop\synthengine2.2\maestro\synthdll\synthdll\debug\rtaudio_c.obj
c:\users\mdpmaestro2\desktop\synthengine2.2\maestro\synthdll\synthdll\debug\msm.obj
c:\users\mdpmaestro2\desktop\synthengine2.2\maestro\synthdll\synthdll\debug\synth.obj
c:\users\mdpmaestro2\desktop\synthengine2.2\maestro\synthdll\synthdll\debug\stdafx.obj
c:\users\mdpmaestro2\desktop\synthengine2.2\maestro\synthdll\synthdll\debug\dllmain.obj
c:\users\mdpmaestro2\desktop\synthengine2.2\maestro\synthdll\debug\synthdll.ilk
c:\users\mdpmaestro2\desktop\synthengine2.2\maestro\synthdll\debug\synthdll.dll
c:\users\mdpmaestro2\desktop\synthengine2.2\maestro\synthdll\debug\synthdll.pdb
c:\users\mdpmaestro2\desktop\synthengine2.2\maestro\synthdll\debug\synthdll.lib
c:\users\mdpmaestro2\desktop\synthengine2.2\maestro\synthdll\debug\synthdll.exp
c:\users\mdpmaestro2\desktop\synthengine2.2\maestro\synthdll\synthdll\debug\synthdll.tlog\cl.command.1.tlog
c:\users\mdpmaestro2\desktop\synthengine2.2\maestro\synthdll\synthdll\debug\synthdll.tlog\cl.read.1.tlog
c:\users\mdpmaestro2\desktop\synthengine2.2\maestro\synthdll\synthdll\debug\synthdll.tlog\cl.write.1.tlog
c:\users\mdpmaestro2\desktop\synthengine2.2\maestro\synthdll\synthdll\debug\synthdll.tlog\link.command.1.tlog
c:\users\mdpmaestro2\desktop\synthengine2.2\maestro\synthdll\synthdll\debug\synthdll.tlog\link.read.1.tlog
c:\users\mdpmaestro2\desktop\synthengine2.2\maestro\synthdll\synthdll\debug\synthdll.tlog\link.write.1.tlog
c:\users\mdpmaestro2\desktop\synthengine2.2\maestro\synthdll\synthdll\debug\synthdll.tlog\synthdll.write.1u.tlog
